<?xml version="1.0" encoding="UTF-8"?>
<coverage generated="1700312675884" clover="3.2.0">
  <project timestamp="1700312675884" name="All files">
    <metrics statements="113" coveredstatements="83" conditionals="34" coveredconditionals="22" methods="37" coveredmethods="28" elements="184" coveredelements="133" complexity="0" loc="113" ncloc="113" packages="1" files="10" classes="10"/>
    <file name="CityInput.jsx" path="C:\2DAW\M08\form-testing\forms-mockoon\src\components\CityInput.jsx">
      <metrics statements="2" coveredstatements="2" conditionals="2" coveredconditionals="2" methods="1" coveredmethods="1"/>
      <line num="1" count="1" type="stmt"/>
      <line num="17" count="203" type="stmt"/>
    </file>
    <file name="ClearButton.jsx" path="C:\2DAW\M08\form-testing\forms-mockoon\src\components\ClearButton.jsx">
      <metrics statements="3" coveredstatements="3" conditionals="0" coveredconditionals="0" methods="1" coveredmethods="1"/>
      <line num="1" count="1" type="stmt"/>
      <line num="3" count="131" type="stmt"/>
      <line num="15" count="203" type="stmt"/>
    </file>
    <file name="CountrySelect.jsx" path="C:\2DAW\M08\form-testing\forms-mockoon\src\components\CountrySelect.jsx">
      <metrics statements="4" coveredstatements="3" conditionals="0" coveredconditionals="0" methods="2" coveredmethods="1"/>
      <line num="1" count="1" type="stmt"/>
      <line num="4" count="131" type="stmt"/>
      <line num="9" count="0" type="stmt"/>
      <line num="28" count="203" type="stmt"/>
    </file>
    <file name="FormApp.jsx" path="C:\2DAW\M08\form-testing\forms-mockoon\src\components\FormApp.jsx">
      <metrics statements="90" coveredstatements="61" conditionals="22" coveredconditionals="10" methods="27" coveredmethods="19"/>
      <line num="1" count="1" type="stmt"/>
      <line num="2" count="1" type="stmt"/>
      <line num="3" count="1" type="stmt"/>
      <line num="4" count="1" type="stmt"/>
      <line num="5" count="1" type="stmt"/>
      <line num="6" count="1" type="stmt"/>
      <line num="7" count="1" type="stmt"/>
      <line num="8" count="1" type="stmt"/>
      <line num="9" count="1" type="stmt"/>
      <line num="10" count="1" type="stmt"/>
      <line num="11" count="1" type="stmt"/>
      <line num="14" count="203" type="stmt"/>
      <line num="15" count="203" type="stmt"/>
      <line num="16" count="203" type="stmt"/>
      <line num="17" count="203" type="stmt"/>
      <line num="18" count="203" type="stmt"/>
      <line num="19" count="203" type="stmt"/>
      <line num="20" count="203" type="stmt"/>
      <line num="29" count="203" type="stmt"/>
      <line num="30" count="1" type="stmt"/>
      <line num="40" count="1" type="stmt"/>
      <line num="42" count="203" type="stmt"/>
      <line num="54" count="0" type="stmt"/>
      <line num="55" count="0" type="stmt"/>
      <line num="56" count="0" type="stmt"/>
      <line num="57" count="0" type="stmt"/>
      <line num="59" count="0" type="cond" truecount="0" falsecount="1"/>
      <line num="60" count="0" type="cond" truecount="0" falsecount="1"/>
      <line num="61" count="0" type="stmt"/>
      <line num="63" count="0" type="cond" truecount="0" falsecount="1"/>
      <line num="64" count="0" type="stmt"/>
      <line num="66" count="0" type="stmt"/>
      <line num="70" count="0" type="stmt"/>
      <line num="72" count="0" type="stmt"/>
      <line num="78" count="39" type="cond" truecount="1" falsecount="1"/>
      <line num="79" count="0" type="cond" truecount="0" falsecount="2"/>
      <line num="80" count="0" type="stmt"/>
      <line num="82" count="0" type="stmt"/>
      <line num="84" count="39" type="cond" truecount="0" falsecount="1"/>
      <line num="85" count="0" type="cond" truecount="0" falsecount="2"/>
      <line num="86" count="0" type="stmt"/>
      <line num="88" count="0" type="stmt"/>
      <line num="94" count="49" type="stmt"/>
      <line num="99" count="49" type="cond" truecount="2" falsecount="0"/>
      <line num="100" count="49" type="cond" truecount="1" falsecount="1"/>
      <line num="101" count="0" type="stmt"/>
      <line num="102" count="49" type="cond" truecount="2" falsecount="0"/>
      <line num="103" count="4" type="stmt"/>
      <line num="105" count="45" type="stmt"/>
      <line num="109" count="203" type="stmt"/>
      <line num="110" count="49" type="stmt"/>
      <line num="111" count="49" type="stmt"/>
      <line num="112" count="49" type="stmt"/>
      <line num="116" count="203" type="stmt"/>
      <line num="117" count="39" type="stmt"/>
      <line num="118" count="39" type="stmt"/>
      <line num="119" count="39" type="stmt"/>
      <line num="123" count="203" type="stmt"/>
      <line num="124" count="31" type="stmt"/>
      <line num="125" count="31" type="stmt"/>
      <line num="128" count="2" type="stmt"/>
      <line num="131" count="8" type="stmt"/>
      <line num="134" count="2" type="cond" truecount="2" falsecount="0"/>
      <line num="136" count="2" type="cond" truecount="2" falsecount="2"/>
      <line num="138" count="0" type="stmt"/>
      <line num="149" count="0" type="stmt"/>
      <line num="152" count="2" type="stmt"/>
      <line num="158" count="203" type="stmt"/>
      <line num="160" count="8" type="stmt"/>
      <line num="161" count="8" type="stmt"/>
      <line num="162" count="8" type="stmt"/>
      <line num="163" count="0" type="stmt"/>
      <line num="165" count="0" type="stmt"/>
      <line num="166" count="0" type="stmt"/>
      <line num="168" count="8" type="stmt"/>
      <line num="172" count="8" type="stmt"/>
      <line num="176" count="203" type="stmt"/>
      <line num="177" count="0" type="stmt"/>
      <line num="189" count="203" type="stmt"/>
      <line num="190" count="0" type="stmt"/>
      <line num="191" count="0" type="stmt"/>
      <line num="194" count="203" type="stmt"/>
      <line num="200" count="25" type="stmt"/>
      <line num="210" count="16" type="stmt"/>
      <line num="219" count="9" type="stmt"/>
      <line num="228" count="0" type="stmt"/>
      <line num="240" count="14" type="stmt"/>
      <line num="251" count="26" type="stmt"/>
      <line num="274" count="0" type="stmt"/>
      <line num="284" count="8" type="stmt"/>
    </file>
    <file name="IDInput.jsx" path="C:\2DAW\M08\form-testing\forms-mockoon\src\components\IDInput.jsx">
      <metrics statements="3" coveredstatements="3" conditionals="2" coveredconditionals="2" methods="1" coveredmethods="1"/>
      <line num="1" count="1" type="stmt"/>
      <line num="4" count="131" type="stmt"/>
      <line num="18" count="203" type="stmt"/>
    </file>
    <file name="NameInput.jsx" path="C:\2DAW\M08\form-testing\forms-mockoon\src\components\NameInput.jsx">
      <metrics statements="2" coveredstatements="2" conditionals="2" coveredconditionals="2" methods="1" coveredmethods="1"/>
      <line num="1" count="1" type="stmt"/>
      <line num="17" count="203" type="stmt"/>
    </file>
    <file name="StreetInput.jsx" path="C:\2DAW\M08\form-testing\forms-mockoon\src\components\StreetInput.jsx">
      <metrics statements="2" coveredstatements="2" conditionals="2" coveredconditionals="2" methods="1" coveredmethods="1"/>
      <line num="1" count="1" type="stmt"/>
      <line num="17" count="203" type="stmt"/>
    </file>
    <file name="SubmitButton.jsx" path="C:\2DAW\M08\form-testing\forms-mockoon\src\components\SubmitButton.jsx">
      <metrics statements="3" coveredstatements="3" conditionals="0" coveredconditionals="0" methods="1" coveredmethods="1"/>
      <line num="1" count="1" type="stmt"/>
      <line num="4" count="131" type="stmt"/>
      <line num="16" count="203" type="stmt"/>
    </file>
    <file name="SurnameInput.jsx" path="C:\2DAW\M08\form-testing\forms-mockoon\src\components\SurnameInput.jsx">
      <metrics statements="2" coveredstatements="2" conditionals="2" coveredconditionals="2" methods="1" coveredmethods="1"/>
      <line num="1" count="1" type="stmt"/>
      <line num="17" count="203" type="stmt"/>
    </file>
    <file name="UsernameInput.jsx" path="C:\2DAW\M08\form-testing\forms-mockoon\src\components\UsernameInput.jsx">
      <metrics statements="2" coveredstatements="2" conditionals="2" coveredconditionals="2" methods="1" coveredmethods="1"/>
      <line num="1" count="1" type="stmt"/>
      <line num="19" count="203" type="stmt"/>
    </file>
  </project>
</coverage>
