<?xml version="1.0" encoding="UTF-8"?>
<coverage generated="1701768068861" clover="3.2.0">
  <project timestamp="1701768068861" name="All files">
    <metrics statements="118" coveredstatements="94" conditionals="35" coveredconditionals="23" methods="38" coveredmethods="33" elements="191" coveredelements="150" complexity="0" loc="118" ncloc="118" packages="1" files="10" classes="10"/>
    <file name="CityInput.jsx" path="C:\Users\judit.perea\OneDrive - Travelport\Documents\GitHub\form-testing2\forms-mockoon\src\components\CityInput.jsx">
      <metrics statements="2" coveredstatements="2" conditionals="2" coveredconditionals="2" methods="1" coveredmethods="1"/>
      <line num="1" count="1" type="stmt"/>
      <line num="17" count="155" type="stmt"/>
    </file>
    <file name="ClearButton.jsx" path="C:\Users\judit.perea\OneDrive - Travelport\Documents\GitHub\form-testing2\forms-mockoon\src\components\ClearButton.jsx">
      <metrics statements="3" coveredstatements="3" conditionals="0" coveredconditionals="0" methods="1" coveredmethods="1"/>
      <line num="1" count="1" type="stmt"/>
      <line num="3" count="103" type="stmt"/>
      <line num="15" count="155" type="stmt"/>
    </file>
    <file name="CountrySelect.jsx" path="C:\Users\judit.perea\OneDrive - Travelport\Documents\GitHub\form-testing2\forms-mockoon\src\components\CountrySelect.jsx">
      <metrics statements="4" coveredstatements="3" conditionals="0" coveredconditionals="0" methods="2" coveredmethods="1"/>
      <line num="1" count="1" type="stmt"/>
      <line num="4" count="103" type="stmt"/>
      <line num="9" count="0" type="stmt"/>
      <line num="28" count="155" type="stmt"/>
    </file>
    <file name="FormApp.jsx" path="C:\Users\judit.perea\OneDrive - Travelport\Documents\GitHub\form-testing2\forms-mockoon\src\components\FormApp.jsx">
      <metrics statements="95" coveredstatements="72" conditionals="23" coveredconditionals="11" methods="28" coveredmethods="24"/>
      <line num="1" count="1" type="stmt"/>
      <line num="2" count="1" type="stmt"/>
      <line num="3" count="1" type="stmt"/>
      <line num="4" count="1" type="stmt"/>
      <line num="5" count="1" type="stmt"/>
      <line num="6" count="1" type="stmt"/>
      <line num="7" count="1" type="stmt"/>
      <line num="8" count="1" type="stmt"/>
      <line num="9" count="1" type="stmt"/>
      <line num="10" count="1" type="stmt"/>
      <line num="11" count="1" type="stmt"/>
      <line num="12" count="1" type="stmt"/>
      <line num="15" count="155" type="stmt"/>
      <line num="16" count="155" type="stmt"/>
      <line num="17" count="155" type="stmt"/>
      <line num="18" count="155" type="stmt"/>
      <line num="19" count="155" type="stmt"/>
      <line num="20" count="155" type="stmt"/>
      <line num="21" count="155" type="stmt"/>
      <line num="30" count="155" type="stmt"/>
      <line num="31" count="1" type="stmt"/>
      <line num="41" count="1" type="stmt"/>
      <line num="43" count="155" type="stmt"/>
      <line num="54" count="0" type="stmt"/>
      <line num="55" count="0" type="stmt"/>
      <line num="56" count="0" type="stmt"/>
      <line num="57" count="0" type="stmt"/>
      <line num="59" count="0" type="cond" truecount="0" falsecount="1"/>
      <line num="60" count="0" type="cond" truecount="0" falsecount="1"/>
      <line num="61" count="0" type="stmt"/>
      <line num="63" count="0" type="cond" truecount="0" falsecount="1"/>
      <line num="64" count="0" type="stmt"/>
      <line num="66" count="0" type="stmt"/>
      <line num="70" count="0" type="stmt"/>
      <line num="72" count="0" type="stmt"/>
      <line num="78" count="33" type="cond" truecount="1" falsecount="1"/>
      <line num="79" count="0" type="cond" truecount="0" falsecount="2"/>
      <line num="80" count="0" type="stmt"/>
      <line num="82" count="0" type="stmt"/>
      <line num="84" count="33" type="cond" truecount="0" falsecount="1"/>
      <line num="85" count="0" type="cond" truecount="0" falsecount="2"/>
      <line num="86" count="0" type="stmt"/>
      <line num="88" count="0" type="stmt"/>
      <line num="94" count="42" type="stmt"/>
      <line num="99" count="42" type="cond" truecount="2" falsecount="0"/>
      <line num="100" count="42" type="cond" truecount="1" falsecount="1"/>
      <line num="101" count="0" type="stmt"/>
      <line num="102" count="42" type="cond" truecount="2" falsecount="0"/>
      <line num="103" count="4" type="stmt"/>
      <line num="105" count="38" type="stmt"/>
      <line num="109" count="155" type="stmt"/>
      <line num="110" count="42" type="stmt"/>
      <line num="111" count="42" type="stmt"/>
      <line num="112" count="42" type="stmt"/>
      <line num="116" count="155" type="stmt"/>
      <line num="117" count="33" type="stmt"/>
      <line num="118" count="33" type="stmt"/>
      <line num="119" count="33" type="stmt"/>
      <line num="123" count="155" type="stmt"/>
      <line num="124" count="22" type="stmt"/>
      <line num="125" count="22" type="stmt"/>
      <line num="128" count="1" type="stmt"/>
      <line num="131" count="4" type="stmt"/>
      <line num="134" count="1" type="cond" truecount="2" falsecount="0"/>
      <line num="136" count="1" type="cond" truecount="2" falsecount="2"/>
      <line num="138" count="0" type="stmt"/>
      <line num="149" count="0" type="stmt"/>
      <line num="152" count="1" type="stmt"/>
      <line num="159" count="155" type="stmt"/>
      <line num="161" count="11" type="stmt"/>
      <line num="162" count="11" type="stmt"/>
      <line num="163" count="11" type="stmt"/>
      <line num="165" count="11" type="stmt"/>
      <line num="166" count="11" type="stmt"/>
      <line num="168" count="11" type="cond" truecount="1" falsecount="0"/>
      <line num="170" count="11" type="stmt"/>
      <line num="172" count="11" type="stmt"/>
      <line num="173" count="11" type="stmt"/>
      <line num="177" count="0" type="stmt"/>
      <line num="181" count="11" type="stmt"/>
      <line num="185" count="155" type="stmt"/>
      <line num="186" count="9" type="stmt"/>
      <line num="198" count="155" type="stmt"/>
      <line num="200" count="11" type="stmt"/>
      <line num="202" count="11" type="stmt"/>
      <line num="206" count="11" type="stmt"/>
      <line num="210" count="155" type="stmt"/>
      <line num="216" count="21" type="stmt"/>
      <line num="226" count="10" type="stmt"/>
      <line num="235" count="6" type="stmt"/>
      <line num="244" count="0" type="stmt"/>
      <line num="256" count="7" type="stmt"/>
      <line num="267" count="13" type="stmt"/>
      <line num="289" count="144" type="stmt"/>
      <line num="300" count="11" type="stmt"/>
    </file>
    <file name="IDInput.jsx" path="C:\Users\judit.perea\OneDrive - Travelport\Documents\GitHub\form-testing2\forms-mockoon\src\components\IDInput.jsx">
      <metrics statements="3" coveredstatements="3" conditionals="2" coveredconditionals="2" methods="1" coveredmethods="1"/>
      <line num="1" count="1" type="stmt"/>
      <line num="4" count="103" type="stmt"/>
      <line num="18" count="155" type="stmt"/>
    </file>
    <file name="NameInput.jsx" path="C:\Users\judit.perea\OneDrive - Travelport\Documents\GitHub\form-testing2\forms-mockoon\src\components\NameInput.jsx">
      <metrics statements="2" coveredstatements="2" conditionals="2" coveredconditionals="2" methods="1" coveredmethods="1"/>
      <line num="1" count="1" type="stmt"/>
      <line num="17" count="155" type="stmt"/>
    </file>
    <file name="StreetInput.jsx" path="C:\Users\judit.perea\OneDrive - Travelport\Documents\GitHub\form-testing2\forms-mockoon\src\components\StreetInput.jsx">
      <metrics statements="2" coveredstatements="2" conditionals="2" coveredconditionals="2" methods="1" coveredmethods="1"/>
      <line num="1" count="1" type="stmt"/>
      <line num="17" count="155" type="stmt"/>
    </file>
    <file name="SubmitButton.jsx" path="C:\Users\judit.perea\OneDrive - Travelport\Documents\GitHub\form-testing2\forms-mockoon\src\components\SubmitButton.jsx">
      <metrics statements="3" coveredstatements="3" conditionals="0" coveredconditionals="0" methods="1" coveredmethods="1"/>
      <line num="1" count="1" type="stmt"/>
      <line num="4" count="103" type="stmt"/>
      <line num="16" count="155" type="stmt"/>
    </file>
    <file name="SurnameInput.jsx" path="C:\Users\judit.perea\OneDrive - Travelport\Documents\GitHub\form-testing2\forms-mockoon\src\components\SurnameInput.jsx">
      <metrics statements="2" coveredstatements="2" conditionals="2" coveredconditionals="2" methods="1" coveredmethods="1"/>
      <line num="1" count="1" type="stmt"/>
      <line num="17" count="155" type="stmt"/>
    </file>
    <file name="UsernameInput.jsx" path="C:\Users\judit.perea\OneDrive - Travelport\Documents\GitHub\form-testing2\forms-mockoon\src\components\UsernameInput.jsx">
      <metrics statements="2" coveredstatements="2" conditionals="2" coveredconditionals="2" methods="1" coveredmethods="1"/>
      <line num="1" count="1" type="stmt"/>
      <line num="19" count="155" type="stmt"/>
    </file>
  </project>
</coverage>
