{"C:\\Users\\judit.perea\\OneDrive - Travelport\\Documents\\GitHub\\form-testing2\\forms-mockoon\\src\\components\\CityInput.jsx": {"path":"C:\\Users\\judit.perea\\OneDrive - Travelport\\Documents\\GitHub\\form-testing2\\forms-mockoon\\src\\components\\CityInput.jsx","statementMap":{"0":{"start":{"line":17,"column":0},"end":{"line":17,"column":15}},"1":{"start":{"line":1,"column":18},"end":{"line":1,"column":null}},"2":{"start":{"line":17,"column":15},"end":{"line":17,"column":null}}},"fnMap":{"0":{"name":"CityInput","decl":{"start":{"line":3,"column":9},"end":{"line":3,"column":19}},"loc":{"start":{"line":3,"column":38},"end":{"line":15,"column":null}}}},"branchMap":{"0":{"loc":{"start":{"line":9,"column":15},"end":{"line":9,"column":null}},"type":"cond-expr","locations":[{"start":{"line":9,"column":23},"end":{"line":9,"column":45}},{"start":{"line":9,"column":45},"end":{"line":9,"column":null}}]}},"s":{"0":144,"1":1,"2":1},"f":{"0":91},"b":{"0":[25,66]}}
,"C:\\Users\\judit.perea\\OneDrive - Travelport\\Documents\\GitHub\\form-testing2\\forms-mockoon\\src\\components\\ClearButton.jsx": {"path":"C:\\Users\\judit.perea\\OneDrive - Travelport\\Documents\\GitHub\\form-testing2\\forms-mockoon\\src\\components\\ClearButton.jsx","statementMap":{"0":{"start":{"line":15,"column":2},"end":{"line":15,"column":17}},"1":{"start":{"line":1,"column":18},"end":{"line":1,"column":null}},"2":{"start":{"line":3,"column":4},"end":{"line":9,"column":null}},"3":{"start":{"line":15,"column":17},"end":{"line":15,"column":null}}},"fnMap":{"0":{"name":"ClearButton","decl":{"start":{"line":2,"column":9},"end":{"line":2,"column":21}},"loc":{"start":{"line":2,"column":32},"end":{"line":13,"column":null}}}},"branchMap":{},"s":{"0":144,"1":1,"2":91,"3":1},"f":{"0":91},"b":{}}
,"C:\\Users\\judit.perea\\OneDrive - Travelport\\Documents\\GitHub\\form-testing2\\forms-mockoon\\src\\components\\CountrySelect.jsx": {"path":"C:\\Users\\judit.perea\\OneDrive - Travelport\\Documents\\GitHub\\form-testing2\\forms-mockoon\\src\\components\\CountrySelect.jsx","statementMap":{"0":{"start":{"line":28,"column":0},"end":{"line":28,"column":15}},"1":{"start":{"line":1,"column":18},"end":{"line":1,"column":null}},"2":{"start":{"line":4,"column":2},"end":{"line":20,"column":null}},"3":{"start":{"line":9,"column":24},"end":{"line":9,"column":null}},"4":{"start":{"line":28,"column":15},"end":{"line":28,"column":null}}},"fnMap":{"0":{"name":"CountrySelect","decl":{"start":{"line":3,"column":9},"end":{"line":3,"column":23}},"loc":{"start":{"line":3,"column":42},"end":{"line":26,"column":null}}},"1":{"name":"(anonymous_3)","decl":{"start":{"line":9,"column":17},"end":{"line":9,"column":18}},"loc":{"start":{"line":9,"column":24},"end":{"line":9,"column":null}}}},"branchMap":{},"s":{"0":144,"1":1,"2":91,"3":0,"4":1},"f":{"0":91,"1":0},"b":{}}
,"C:\\Users\\judit.perea\\OneDrive - Travelport\\Documents\\GitHub\\form-testing2\\forms-mockoon\\src\\components\\FormApp.jsx": {"path":"C:\\Users\\judit.perea\\OneDrive - Travelport\\Documents\\GitHub\\form-testing2\\forms-mockoon\\src\\components\\FormApp.jsx","statementMap":{"0":{"start":{"line":299,"column":0},"end":{"line":299,"column":15}},"1":{"start":{"line":1,"column":43},"end":{"line":1,"column":null}},"2":{"start":{"line":2,"column":7},"end":{"line":2,"column":null}},"3":{"start":{"line":3,"column":26},"end":{"line":3,"column":null}},"4":{"start":{"line":4,"column":22},"end":{"line":4,"column":null}},"5":{"start":{"line":5,"column":25},"end":{"line":5,"column":null}},"6":{"start":{"line":6,"column":26},"end":{"line":6,"column":null}},"7":{"start":{"line":7,"column":20},"end":{"line":7,"column":null}},"8":{"start":{"line":8,"column":25},"end":{"line":8,"column":null}},"9":{"start":{"line":9,"column":24},"end":{"line":9,"column":null}},"10":{"start":{"line":10,"column":22},"end":{"line":10,"column":null}},"11":{"start":{"line":11,"column":24},"end":{"line":11,"column":null}},"12":{"start":{"line":14,"column":30},"end":{"line":14,"column":null}},"13":{"start":{"line":15,"column":44},"end":{"line":15,"column":null}},"14":{"start":{"line":16,"column":40},"end":{"line":16,"column":null}},"15":{"start":{"line":17,"column":46},"end":{"line":17,"column":null}},"16":{"start":{"line":18,"column":32},"end":{"line":18,"column":null}},"17":{"start":{"line":19,"column":36},"end":{"line":19,"column":null}},"18":{"start":{"line":20,"column":34},"end":{"line":28,"column":null}},"19":{"start":{"line":29,"column":20},"end":{"line":41,"column":null}},"20":{"start":{"line":30,"column":4},"end":{"line":38,"column":null}},"21":{"start":{"line":40,"column":4},"end":{"line":40,"column":null}},"22":{"start":{"line":42,"column":40},"end":{"line":50,"column":null}},"23":{"start":{"line":54,"column":26},"end":{"line":54,"column":null}},"24":{"start":{"line":55,"column":22},"end":{"line":55,"column":null}},"25":{"start":{"line":56,"column":22},"end":{"line":56,"column":null}},"26":{"start":{"line":57,"column":29},"end":{"line":57,"column":58}},"27":{"start":{"line":59,"column":4},"end":{"line":67,"column":null}},"28":{"start":{"line":60,"column":6},"end":{"line":62,"column":null}},"29":{"start":{"line":61,"column":8},"end":{"line":61,"column":null}},"30":{"start":{"line":63,"column":6},"end":{"line":65,"column":null}},"31":{"start":{"line":64,"column":8},"end":{"line":64,"column":null}},"32":{"start":{"line":66,"column":6},"end":{"line":66,"column":null}},"33":{"start":{"line":70,"column":6},"end":{"line":70,"column":null}},"34":{"start":{"line":72,"column":6},"end":{"line":72,"column":null}},"35":{"start":{"line":78,"column":4},"end":{"line":90,"column":null}},"36":{"start":{"line":79,"column":6},"end":{"line":83,"column":null}},"37":{"start":{"line":80,"column":8},"end":{"line":80,"column":null}},"38":{"start":{"line":82,"column":8},"end":{"line":82,"column":null}},"39":{"start":{"line":84,"column":11},"end":{"line":90,"column":null}},"40":{"start":{"line":85,"column":6},"end":{"line":89,"column":null}},"41":{"start":{"line":86,"column":8},"end":{"line":86,"column":null}},"42":{"start":{"line":88,"column":8},"end":{"line":88,"column":null}},"43":{"start":{"line":94,"column":4},"end":{"line":94,"column":null}},"44":{"start":{"line":99,"column":6},"end":{"line":99,"column":null}},"45":{"start":{"line":100,"column":4},"end":{"line":106,"column":null}},"46":{"start":{"line":101,"column":6},"end":{"line":101,"column":null}},"47":{"start":{"line":102,"column":11},"end":{"line":106,"column":null}},"48":{"start":{"line":103,"column":6},"end":{"line":103,"column":null}},"49":{"start":{"line":105,"column":6},"end":{"line":105,"column":null}},"50":{"start":{"line":109,"column":2},"end":{"line":114,"column":null}},"51":{"start":{"line":110,"column":4},"end":{"line":110,"column":null}},"52":{"start":{"line":111,"column":4},"end":{"line":113,"column":null}},"53":{"start":{"line":112,"column":6},"end":{"line":112,"column":null}},"54":{"start":{"line":116,"column":2},"end":{"line":121,"column":null}},"55":{"start":{"line":117,"column":4},"end":{"line":117,"column":null}},"56":{"start":{"line":118,"column":4},"end":{"line":120,"column":null}},"57":{"start":{"line":119,"column":6},"end":{"line":119,"column":null}},"58":{"start":{"line":123,"column":25},"end":{"line":126,"column":null}},"59":{"start":{"line":124,"column":18},"end":{"line":124,"column":32}},"60":{"start":{"line":125,"column":4},"end":{"line":125,"column":null}},"61":{"start":{"line":128,"column":4},"end":{"line":128,"column":null}},"62":{"start":{"line":131,"column":26},"end":{"line":131,"column":null}},"63":{"start":{"line":131,"column":65},"end":{"line":131,"column":null}},"64":{"start":{"line":134,"column":21},"end":{"line":134,"column":null}},"65":{"start":{"line":136,"column":4},"end":{"line":153,"column":null}},"66":{"start":{"line":138,"column":19},"end":{"line":146,"column":null}},"67":{"start":{"line":149,"column":6},"end":{"line":149,"column":null}},"68":{"start":{"line":152,"column":6},"end":{"line":152,"column":null}},"69":{"start":{"line":159,"column":2},"end":{"line":181,"column":null}},"70":{"start":{"line":161,"column":22},"end":{"line":178,"column":null}},"71":{"start":{"line":162,"column":6},"end":{"line":177,"column":null}},"72":{"start":{"line":163,"column":8},"end":{"line":163,"column":null}},"73":{"start":{"line":164,"column":25},"end":{"line":164,"column":null}},"74":{"start":{"line":166,"column":29},"end":{"line":166,"column":null}},"75":{"start":{"line":167,"column":8},"end":{"line":167,"column":null}},"76":{"start":{"line":169,"column":8},"end":{"line":174,"column":null}},"77":{"start":{"line":171,"column":30},"end":{"line":171,"column":null}},"78":{"start":{"line":173,"column":10},"end":{"line":173,"column":null}},"79":{"start":{"line":176,"column":8},"end":{"line":176,"column":null}},"80":{"start":{"line":180,"column":4},"end":{"line":180,"column":null}},"81":{"start":{"line":184,"column":30},"end":{"line":194,"column":null}},"82":{"start":{"line":185,"column":4},"end":{"line":193,"column":null}},"83":{"start":{"line":197,"column":25},"end":{"line":206,"column":null}},"84":{"start":{"line":199,"column":22},"end":{"line":199,"column":null}},"85":{"start":{"line":201,"column":21},"end":{"line":201,"column":null}},"86":{"start":{"line":201,"column":42},"end":{"line":201,"column":null}},"87":{"start":{"line":205,"column":4},"end":{"line":205,"column":null}},"88":{"start":{"line":209,"column":2},"end":{"line":290,"column":null}},"89":{"start":{"line":215,"column":12},"end":{"line":218,"column":null}},"90":{"start":{"line":225,"column":12},"end":{"line":228,"column":null}},"91":{"start":{"line":234,"column":12},"end":{"line":237,"column":null}},"92":{"start":{"line":243,"column":10},"end":{"line":246,"column":null}},"93":{"start":{"line":255,"column":12},"end":{"line":258,"column":null}},"94":{"start":{"line":266,"column":12},"end":{"line":269,"column":null}},"95":{"start":{"line":289,"column":12},"end":{"line":290,"column":null}},"96":{"start":{"line":289,"column":69},"end":{"line":289,"column":null}},"97":{"start":{"line":299,"column":15},"end":{"line":299,"column":null}}},"fnMap":{"0":{"name":"FormApp","decl":{"start":{"line":13,"column":9},"end":{"line":13,"column":null}},"loc":{"start":{"line":13,"column":9},"end":{"line":297,"column":null}}},"1":{"name":"(anonymous_6)","decl":{"start":{"line":29,"column":20},"end":{"line":29,"column":null}},"loc":{"start":{"line":29,"column":20},"end":{"line":41,"column":null}}},"2":{"name":"validateIDSpain","decl":{"start":{"line":53,"column":11},"end":{"line":53,"column":28}},"loc":{"start":{"line":53,"column":39},"end":{"line":68,"column":null}}},"3":{"name":"validateIDArgentina","decl":{"start":{"line":69,"column":11},"end":{"line":69,"column":31}},"loc":{"start":{"line":69,"column":33},"end":{"line":74,"column":null}}},"4":{"name":"validateID","decl":{"start":{"line":77,"column":11},"end":{"line":77,"column":23}},"loc":{"start":{"line":77,"column":34},"end":{"line":91,"column":null}}},"5":{"name":"validateUsernameLength","decl":{"start":{"line":93,"column":11},"end":{"line":93,"column":35}},"loc":{"start":{"line":93,"column":43},"end":{"line":95,"column":null}}},"6":{"name":"validateUsername","decl":{"start":{"line":97,"column":11},"end":{"line":97,"column":29}},"loc":{"start":{"line":97,"column":37},"end":{"line":107,"column":null}}},"7":{"name":"(anonymous_12)","decl":{"start":{"line":109,"column":12},"end":{"line":109,"column":null}},"loc":{"start":{"line":109,"column":12},"end":{"line":114,"column":5}}},"8":{"name":"(anonymous_13)","decl":{"start":{"line":111,"column":11},"end":{"line":111,"column":null}},"loc":{"start":{"line":111,"column":11},"end":{"line":113,"column":null}}},"9":{"name":"(anonymous_14)","decl":{"start":{"line":116,"column":12},"end":{"line":116,"column":null}},"loc":{"start":{"line":116,"column":12},"end":{"line":121,"column":5}}},"10":{"name":"(anonymous_15)","decl":{"start":{"line":118,"column":11},"end":{"line":118,"column":null}},"loc":{"start":{"line":118,"column":11},"end":{"line":120,"column":null}}},"11":{"name":"(anonymous_16)","decl":{"start":{"line":123,"column":25},"end":{"line":123,"column":null}},"loc":{"start":{"line":123,"column":25},"end":{"line":126,"column":null}}},"12":{"name":"handleSubmit","decl":{"start":{"line":127,"column":11},"end":{"line":127,"column":24}},"loc":{"start":{"line":127,"column":25},"end":{"line":154,"column":null}}},"13":{"name":"(anonymous_18)","decl":{"start":{"line":131,"column":56},"end":{"line":131,"column":65}},"loc":{"start":{"line":131,"column":65},"end":{"line":131,"column":null}}},"14":{"name":"(anonymous_19)","decl":{"start":{"line":159,"column":12},"end":{"line":159,"column":null}},"loc":{"start":{"line":159,"column":12},"end":{"line":181,"column":5}}},"15":{"name":"(anonymous_20)","decl":{"start":{"line":161,"column":22},"end":{"line":161,"column":null}},"loc":{"start":{"line":161,"column":22},"end":{"line":178,"column":null}}},"16":{"name":"(anonymous_21)","decl":{"start":{"line":184,"column":30},"end":{"line":184,"column":31}},"loc":{"start":{"line":184,"column":31},"end":{"line":194,"column":null}}},"17":{"name":"(anonymous_22)","decl":{"start":{"line":197,"column":25},"end":{"line":197,"column":26}},"loc":{"start":{"line":197,"column":40},"end":{"line":206,"column":null}}},"18":{"name":"(anonymous_23)","decl":{"start":{"line":201,"column":36},"end":{"line":201,"column":42}},"loc":{"start":{"line":201,"column":42},"end":{"line":201,"column":null}}},"19":{"name":"(anonymous_24)","decl":{"start":{"line":214,"column":20},"end":{"line":214,"column":21}},"loc":{"start":{"line":215,"column":12},"end":{"line":218,"column":null}}},"20":{"name":"(anonymous_25)","decl":{"start":{"line":224,"column":20},"end":{"line":224,"column":21}},"loc":{"start":{"line":225,"column":12},"end":{"line":228,"column":null}}},"21":{"name":"(anonymous_26)","decl":{"start":{"line":233,"column":20},"end":{"line":233,"column":21}},"loc":{"start":{"line":234,"column":12},"end":{"line":237,"column":null}}},"22":{"name":"(anonymous_27)","decl":{"start":{"line":242,"column":18},"end":{"line":242,"column":19}},"loc":{"start":{"line":243,"column":10},"end":{"line":246,"column":null}}},"23":{"name":"(anonymous_28)","decl":{"start":{"line":254,"column":20},"end":{"line":254,"column":21}},"loc":{"start":{"line":255,"column":12},"end":{"line":258,"column":null}}},"24":{"name":"(anonymous_29)","decl":{"start":{"line":265,"column":20},"end":{"line":265,"column":21}},"loc":{"start":{"line":266,"column":12},"end":{"line":269,"column":null}}},"25":{"name":"(anonymous_30)","decl":{"start":{"line":288,"column":25},"end":{"line":288,"column":26}},"loc":{"start":{"line":289,"column":12},"end":{"line":290,"column":null}}},"26":{"name":"(anonymous_31)","decl":{"start":{"line":289,"column":63},"end":{"line":289,"column":69}},"loc":{"start":{"line":289,"column":69},"end":{"line":289,"column":null}}}},"branchMap":{"0":{"loc":{"start":{"line":59,"column":4},"end":{"line":67,"column":null}},"type":"if","locations":[{"start":{"line":59,"column":4},"end":{"line":67,"column":null}}]},"1":{"loc":{"start":{"line":60,"column":6},"end":{"line":62,"column":null}},"type":"if","locations":[{"start":{"line":60,"column":6},"end":{"line":62,"column":null}}]},"2":{"loc":{"start":{"line":63,"column":6},"end":{"line":65,"column":null}},"type":"if","locations":[{"start":{"line":63,"column":6},"end":{"line":65,"column":null}}]},"3":{"loc":{"start":{"line":78,"column":4},"end":{"line":90,"column":null}},"type":"if","locations":[{"start":{"line":78,"column":4},"end":{"line":90,"column":null}},{"start":{"line":84,"column":11},"end":{"line":90,"column":null}}]},"4":{"loc":{"start":{"line":79,"column":6},"end":{"line":83,"column":null}},"type":"if","locations":[{"start":{"line":79,"column":6},"end":{"line":83,"column":null}},{"start":{"line":81,"column":13},"end":{"line":83,"column":null}}]},"5":{"loc":{"start":{"line":84,"column":11},"end":{"line":90,"column":null}},"type":"if","locations":[{"start":{"line":84,"column":11},"end":{"line":90,"column":null}}]},"6":{"loc":{"start":{"line":85,"column":6},"end":{"line":89,"column":null}},"type":"if","locations":[{"start":{"line":85,"column":6},"end":{"line":89,"column":null}},{"start":{"line":87,"column":13},"end":{"line":89,"column":null}}]},"7":{"loc":{"start":{"line":99,"column":6},"end":{"line":99,"column":null}},"type":"binary-expr","locations":[{"start":{"line":99,"column":6},"end":{"line":99,"column":42}},{"start":{"line":99,"column":42},"end":{"line":99,"column":null}}]},"8":{"loc":{"start":{"line":100,"column":4},"end":{"line":106,"column":null}},"type":"if","locations":[{"start":{"line":100,"column":4},"end":{"line":106,"column":null}},{"start":{"line":102,"column":11},"end":{"line":106,"column":null}}]},"9":{"loc":{"start":{"line":102,"column":11},"end":{"line":106,"column":null}},"type":"if","locations":[{"start":{"line":102,"column":11},"end":{"line":106,"column":null}},{"start":{"line":104,"column":11},"end":{"line":106,"column":null}}]},"10":{"loc":{"start":{"line":134,"column":21},"end":{"line":134,"column":null}},"type":"binary-expr","locations":[{"start":{"line":134,"column":21},"end":{"line":134,"column":45}},{"start":{"line":134,"column":45},"end":{"line":134,"column":null}}]},"11":{"loc":{"start":{"line":136,"column":4},"end":{"line":153,"column":null}},"type":"if","locations":[{"start":{"line":136,"column":4},"end":{"line":153,"column":null}},{"start":{"line":150,"column":11},"end":{"line":153,"column":null}}]},"12":{"loc":{"start":{"line":136,"column":8},"end":{"line":136,"column":35}},"type":"binary-expr","locations":[{"start":{"line":136,"column":8},"end":{"line":136,"column":25}},{"start":{"line":136,"column":25},"end":{"line":136,"column":35}}]},"13":{"loc":{"start":{"line":169,"column":8},"end":{"line":174,"column":null}},"type":"if","locations":[{"start":{"line":169,"column":8},"end":{"line":174,"column":null}}]}},"s":{"0":10,"1":1,"2":1,"3":1,"4":1,"5":1,"6":1,"7":1,"8":1,"9":1,"10":1,"11":1,"12":144,"13":144,"14":144,"15":144,"16":144,"17":144,"18":144,"19":144,"20":1,"21":1,"22":144,"23":0,"24":0,"25":0,"26":0,"27":0,"28":0,"29":0,"30":0,"31":0,"32":0,"33":0,"34":0,"35":32,"36":0,"37":0,"38":0,"39":32,"40":0,"41":0,"42":0,"43":41,"44":41,"45":41,"46":0,"47":41,"48":4,"49":37,"50":144,"51":41,"52":41,"53":41,"54":144,"55":32,"56":32,"57":32,"58":144,"59":22,"60":22,"61":1,"62":1,"63":4,"64":1,"65":1,"66":0,"67":0,"68":1,"69":144,"70":10,"71":10,"72":10,"73":10,"74":10,"75":10,"76":10,"77":10,"78":0,"79":10,"80":10,"81":144,"82":0,"83":144,"84":10,"85":0,"86":0,"87":0,"88":144,"89":21,"90":10,"91":6,"92":0,"93":7,"94":13,"95":0,"96":0,"97":1},"f":{"0":144,"1":1,"2":0,"3":0,"4":32,"5":41,"6":41,"7":41,"8":41,"9":32,"10":32,"11":22,"12":1,"13":4,"14":10,"15":10,"16":0,"17":10,"18":0,"19":21,"20":10,"21":6,"22":0,"23":7,"24":13,"25":0,"26":0},"b":{"0":[0],"1":[0],"2":[0],"3":[0,32],"4":[0,0],"5":[0],"6":[0,0],"7":[41,35],"8":[0,41],"9":[4,37],"10":[1,1],"11":[0,1],"12":[1,0],"13":[10]}}
,"C:\\Users\\judit.perea\\OneDrive - Travelport\\Documents\\GitHub\\form-testing2\\forms-mockoon\\src\\components\\IDInput.jsx": {"path":"C:\\Users\\judit.perea\\OneDrive - Travelport\\Documents\\GitHub\\form-testing2\\forms-mockoon\\src\\components\\IDInput.jsx","statementMap":{"0":{"start":{"line":18,"column":0},"end":{"line":18,"column":15}},"1":{"start":{"line":1,"column":18},"end":{"line":1,"column":null}},"2":{"start":{"line":4,"column":2},"end":{"line":13,"column":null}},"3":{"start":{"line":18,"column":15},"end":{"line":18,"column":null}}},"fnMap":{"0":{"name":"IDInput","decl":{"start":{"line":3,"column":9},"end":{"line":3,"column":17}},"loc":{"start":{"line":3,"column":45},"end":{"line":16,"column":null}}}},"branchMap":{"0":{"loc":{"start":{"line":9,"column":15},"end":{"line":9,"column":null}},"type":"cond-expr","locations":[{"start":{"line":9,"column":23},"end":{"line":9,"column":45}},{"start":{"line":9,"column":45},"end":{"line":9,"column":null}}]}},"s":{"0":144,"1":1,"2":91,"3":1},"f":{"0":91},"b":{"0":[22,69]}}
,"C:\\Users\\judit.perea\\OneDrive - Travelport\\Documents\\GitHub\\form-testing2\\forms-mockoon\\src\\components\\NameInput.jsx": {"path":"C:\\Users\\judit.perea\\OneDrive - Travelport\\Documents\\GitHub\\form-testing2\\forms-mockoon\\src\\components\\NameInput.jsx","statementMap":{"0":{"start":{"line":17,"column":0},"end":{"line":17,"column":15}},"1":{"start":{"line":1,"column":18},"end":{"line":1,"column":null}},"2":{"start":{"line":17,"column":15},"end":{"line":17,"column":null}}},"fnMap":{"0":{"name":"NameInput","decl":{"start":{"line":3,"column":9},"end":{"line":3,"column":19}},"loc":{"start":{"line":3,"column":38},"end":{"line":15,"column":null}}}},"branchMap":{"0":{"loc":{"start":{"line":9,"column":15},"end":{"line":9,"column":null}},"type":"cond-expr","locations":[{"start":{"line":9,"column":23},"end":{"line":9,"column":45}},{"start":{"line":9,"column":45},"end":{"line":9,"column":null}}]}},"s":{"0":144,"1":1,"2":1},"f":{"0":91},"b":{"0":[42,49]}}
,"C:\\Users\\judit.perea\\OneDrive - Travelport\\Documents\\GitHub\\form-testing2\\forms-mockoon\\src\\components\\StreetInput.jsx": {"path":"C:\\Users\\judit.perea\\OneDrive - Travelport\\Documents\\GitHub\\form-testing2\\forms-mockoon\\src\\components\\StreetInput.jsx","statementMap":{"0":{"start":{"line":17,"column":0},"end":{"line":17,"column":15}},"1":{"start":{"line":1,"column":18},"end":{"line":1,"column":null}},"2":{"start":{"line":17,"column":15},"end":{"line":17,"column":null}}},"fnMap":{"0":{"name":"StreetInput","decl":{"start":{"line":3,"column":9},"end":{"line":3,"column":21}},"loc":{"start":{"line":3,"column":40},"end":{"line":15,"column":null}}}},"branchMap":{"0":{"loc":{"start":{"line":9,"column":15},"end":{"line":9,"column":null}},"type":"cond-expr","locations":[{"start":{"line":9,"column":23},"end":{"line":9,"column":45}},{"start":{"line":9,"column":45},"end":{"line":9,"column":null}}]}},"s":{"0":144,"1":1,"2":1},"f":{"0":91},"b":{"0":[18,73]}}
,"C:\\Users\\judit.perea\\OneDrive - Travelport\\Documents\\GitHub\\form-testing2\\forms-mockoon\\src\\components\\SubmitButton.jsx": {"path":"C:\\Users\\judit.perea\\OneDrive - Travelport\\Documents\\GitHub\\form-testing2\\forms-mockoon\\src\\components\\SubmitButton.jsx","statementMap":{"0":{"start":{"line":16,"column":0},"end":{"line":16,"column":15}},"1":{"start":{"line":1,"column":18},"end":{"line":1,"column":null}},"2":{"start":{"line":4,"column":2},"end":{"line":10,"column":null}},"3":{"start":{"line":16,"column":15},"end":{"line":16,"column":null}}},"fnMap":{"0":{"name":"SubmitButton","decl":{"start":{"line":3,"column":9},"end":{"line":3,"column":22}},"loc":{"start":{"line":3,"column":33},"end":{"line":14,"column":null}}}},"branchMap":{},"s":{"0":144,"1":1,"2":91,"3":1},"f":{"0":91},"b":{}}
,"C:\\Users\\judit.perea\\OneDrive - Travelport\\Documents\\GitHub\\form-testing2\\forms-mockoon\\src\\components\\SurnameInput.jsx": {"path":"C:\\Users\\judit.perea\\OneDrive - Travelport\\Documents\\GitHub\\form-testing2\\forms-mockoon\\src\\components\\SurnameInput.jsx","statementMap":{"0":{"start":{"line":17,"column":0},"end":{"line":17,"column":15}},"1":{"start":{"line":1,"column":18},"end":{"line":1,"column":null}},"2":{"start":{"line":17,"column":15},"end":{"line":17,"column":null}}},"fnMap":{"0":{"name":"SurnameInput","decl":{"start":{"line":3,"column":9},"end":{"line":3,"column":22}},"loc":{"start":{"line":3,"column":41},"end":{"line":15,"column":null}}}},"branchMap":{"0":{"loc":{"start":{"line":9,"column":15},"end":{"line":9,"column":null}},"type":"binary-expr","locations":[{"start":{"line":9,"column":15},"end":{"line":9,"column":38}},{"start":{"line":9,"column":38},"end":{"line":9,"column":null}}]}},"s":{"0":144,"1":1,"2":1},"f":{"0":91},"b":{"0":[91,60]}}
,"C:\\Users\\judit.perea\\OneDrive - Travelport\\Documents\\GitHub\\form-testing2\\forms-mockoon\\src\\components\\UsernameInput.jsx": {"path":"C:\\Users\\judit.perea\\OneDrive - Travelport\\Documents\\GitHub\\form-testing2\\forms-mockoon\\src\\components\\UsernameInput.jsx","statementMap":{"0":{"start":{"line":19,"column":0},"end":{"line":19,"column":15}},"1":{"start":{"line":1,"column":18},"end":{"line":1,"column":null}},"2":{"start":{"line":19,"column":15},"end":{"line":19,"column":null}}},"fnMap":{"0":{"name":"UsernameInput","decl":{"start":{"line":2,"column":9},"end":{"line":2,"column":23}},"loc":{"start":{"line":2,"column":57},"end":{"line":17,"column":null}}}},"branchMap":{"0":{"loc":{"start":{"line":7,"column":9},"end":{"line":7,"column":null}},"type":"binary-expr","locations":[{"start":{"line":7,"column":9},"end":{"line":7,"column":26}},{"start":{"line":7,"column":26},"end":{"line":7,"column":null}}]}},"s":{"0":144,"1":1,"2":1},"f":{"0":91},"b":{"0":[91,7]}}
}
