{"C:\\Users\\judit.perea\\OneDrive - Travelport\\Documents\\GitHub\\form-testing2\\forms-mockoon\\src\\components\\CityInput.jsx": {"path":"C:\\Users\\judit.perea\\OneDrive - Travelport\\Documents\\GitHub\\form-testing2\\forms-mockoon\\src\\components\\CityInput.jsx","statementMap":{"0":{"start":{"line":17,"column":0},"end":{"line":17,"column":15}},"1":{"start":{"line":1,"column":18},"end":{"line":1,"column":null}},"2":{"start":{"line":17,"column":15},"end":{"line":17,"column":null}}},"fnMap":{"0":{"name":"CityInput","decl":{"start":{"line":3,"column":9},"end":{"line":3,"column":19}},"loc":{"start":{"line":3,"column":38},"end":{"line":15,"column":null}}}},"branchMap":{"0":{"loc":{"start":{"line":9,"column":15},"end":{"line":9,"column":null}},"type":"cond-expr","locations":[{"start":{"line":9,"column":23},"end":{"line":9,"column":45}},{"start":{"line":9,"column":45},"end":{"line":9,"column":null}}]}},"s":{"0":156,"1":1,"2":1},"f":{"0":104},"b":{"0":[25,79]}}
,"C:\\Users\\judit.perea\\OneDrive - Travelport\\Documents\\GitHub\\form-testing2\\forms-mockoon\\src\\components\\ClearButton.jsx": {"path":"C:\\Users\\judit.perea\\OneDrive - Travelport\\Documents\\GitHub\\form-testing2\\forms-mockoon\\src\\components\\ClearButton.jsx","statementMap":{"0":{"start":{"line":15,"column":2},"end":{"line":15,"column":17}},"1":{"start":{"line":1,"column":18},"end":{"line":1,"column":null}},"2":{"start":{"line":3,"column":4},"end":{"line":9,"column":null}},"3":{"start":{"line":15,"column":17},"end":{"line":15,"column":null}}},"fnMap":{"0":{"name":"ClearButton","decl":{"start":{"line":2,"column":9},"end":{"line":2,"column":21}},"loc":{"start":{"line":2,"column":32},"end":{"line":13,"column":null}}}},"branchMap":{},"s":{"0":156,"1":1,"2":104,"3":1},"f":{"0":104},"b":{}}
,"C:\\Users\\judit.perea\\OneDrive - Travelport\\Documents\\GitHub\\form-testing2\\forms-mockoon\\src\\components\\CountrySelect.jsx": {"path":"C:\\Users\\judit.perea\\OneDrive - Travelport\\Documents\\GitHub\\form-testing2\\forms-mockoon\\src\\components\\CountrySelect.jsx","statementMap":{"0":{"start":{"line":28,"column":0},"end":{"line":28,"column":15}},"1":{"start":{"line":1,"column":18},"end":{"line":1,"column":null}},"2":{"start":{"line":4,"column":2},"end":{"line":20,"column":null}},"3":{"start":{"line":9,"column":24},"end":{"line":9,"column":null}},"4":{"start":{"line":28,"column":15},"end":{"line":28,"column":null}}},"fnMap":{"0":{"name":"CountrySelect","decl":{"start":{"line":3,"column":9},"end":{"line":3,"column":23}},"loc":{"start":{"line":3,"column":42},"end":{"line":26,"column":null}}},"1":{"name":"(anonymous_3)","decl":{"start":{"line":9,"column":17},"end":{"line":9,"column":18}},"loc":{"start":{"line":9,"column":24},"end":{"line":9,"column":null}}}},"branchMap":{},"s":{"0":156,"1":1,"2":104,"3":0,"4":1},"f":{"0":104,"1":0},"b":{}}
,"C:\\Users\\judit.perea\\OneDrive - Travelport\\Documents\\GitHub\\form-testing2\\forms-mockoon\\src\\components\\FormApp.jsx": {"path":"C:\\Users\\judit.perea\\OneDrive - Travelport\\Documents\\GitHub\\form-testing2\\forms-mockoon\\src\\components\\FormApp.jsx","statementMap":{"0":{"start":{"line":298,"column":0},"end":{"line":298,"column":15}},"1":{"start":{"line":1,"column":43},"end":{"line":1,"column":null}},"2":{"start":{"line":2,"column":7},"end":{"line":2,"column":null}},"3":{"start":{"line":3,"column":26},"end":{"line":3,"column":null}},"4":{"start":{"line":4,"column":22},"end":{"line":4,"column":null}},"5":{"start":{"line":5,"column":25},"end":{"line":5,"column":null}},"6":{"start":{"line":6,"column":26},"end":{"line":6,"column":null}},"7":{"start":{"line":7,"column":20},"end":{"line":7,"column":null}},"8":{"start":{"line":8,"column":25},"end":{"line":8,"column":null}},"9":{"start":{"line":9,"column":24},"end":{"line":9,"column":null}},"10":{"start":{"line":10,"column":22},"end":{"line":10,"column":null}},"11":{"start":{"line":11,"column":24},"end":{"line":11,"column":null}},"12":{"start":{"line":14,"column":30},"end":{"line":14,"column":null}},"13":{"start":{"line":15,"column":44},"end":{"line":15,"column":null}},"14":{"start":{"line":16,"column":40},"end":{"line":16,"column":null}},"15":{"start":{"line":17,"column":46},"end":{"line":17,"column":null}},"16":{"start":{"line":18,"column":32},"end":{"line":18,"column":null}},"17":{"start":{"line":19,"column":36},"end":{"line":19,"column":null}},"18":{"start":{"line":20,"column":34},"end":{"line":28,"column":null}},"19":{"start":{"line":29,"column":20},"end":{"line":41,"column":null}},"20":{"start":{"line":30,"column":4},"end":{"line":38,"column":null}},"21":{"start":{"line":40,"column":4},"end":{"line":40,"column":null}},"22":{"start":{"line":42,"column":40},"end":{"line":50,"column":null}},"23":{"start":{"line":54,"column":26},"end":{"line":54,"column":null}},"24":{"start":{"line":55,"column":22},"end":{"line":55,"column":null}},"25":{"start":{"line":56,"column":22},"end":{"line":56,"column":null}},"26":{"start":{"line":57,"column":29},"end":{"line":57,"column":58}},"27":{"start":{"line":59,"column":4},"end":{"line":67,"column":null}},"28":{"start":{"line":60,"column":6},"end":{"line":62,"column":null}},"29":{"start":{"line":61,"column":8},"end":{"line":61,"column":null}},"30":{"start":{"line":63,"column":6},"end":{"line":65,"column":null}},"31":{"start":{"line":64,"column":8},"end":{"line":64,"column":null}},"32":{"start":{"line":66,"column":6},"end":{"line":66,"column":null}},"33":{"start":{"line":70,"column":6},"end":{"line":70,"column":null}},"34":{"start":{"line":72,"column":6},"end":{"line":72,"column":null}},"35":{"start":{"line":78,"column":4},"end":{"line":90,"column":null}},"36":{"start":{"line":79,"column":6},"end":{"line":83,"column":null}},"37":{"start":{"line":80,"column":8},"end":{"line":80,"column":null}},"38":{"start":{"line":82,"column":8},"end":{"line":82,"column":null}},"39":{"start":{"line":84,"column":11},"end":{"line":90,"column":null}},"40":{"start":{"line":85,"column":6},"end":{"line":89,"column":null}},"41":{"start":{"line":86,"column":8},"end":{"line":86,"column":null}},"42":{"start":{"line":88,"column":8},"end":{"line":88,"column":null}},"43":{"start":{"line":94,"column":4},"end":{"line":94,"column":null}},"44":{"start":{"line":99,"column":6},"end":{"line":99,"column":null}},"45":{"start":{"line":100,"column":4},"end":{"line":106,"column":null}},"46":{"start":{"line":101,"column":6},"end":{"line":101,"column":null}},"47":{"start":{"line":102,"column":11},"end":{"line":106,"column":null}},"48":{"start":{"line":103,"column":6},"end":{"line":103,"column":null}},"49":{"start":{"line":105,"column":6},"end":{"line":105,"column":null}},"50":{"start":{"line":109,"column":2},"end":{"line":114,"column":null}},"51":{"start":{"line":110,"column":4},"end":{"line":110,"column":null}},"52":{"start":{"line":111,"column":4},"end":{"line":113,"column":null}},"53":{"start":{"line":112,"column":6},"end":{"line":112,"column":null}},"54":{"start":{"line":116,"column":2},"end":{"line":121,"column":null}},"55":{"start":{"line":117,"column":4},"end":{"line":117,"column":null}},"56":{"start":{"line":118,"column":4},"end":{"line":120,"column":null}},"57":{"start":{"line":119,"column":6},"end":{"line":119,"column":null}},"58":{"start":{"line":123,"column":25},"end":{"line":126,"column":null}},"59":{"start":{"line":124,"column":18},"end":{"line":124,"column":32}},"60":{"start":{"line":125,"column":4},"end":{"line":125,"column":null}},"61":{"start":{"line":128,"column":4},"end":{"line":128,"column":null}},"62":{"start":{"line":131,"column":26},"end":{"line":131,"column":null}},"63":{"start":{"line":131,"column":65},"end":{"line":131,"column":null}},"64":{"start":{"line":134,"column":21},"end":{"line":134,"column":null}},"65":{"start":{"line":136,"column":4},"end":{"line":153,"column":null}},"66":{"start":{"line":138,"column":19},"end":{"line":146,"column":null}},"67":{"start":{"line":149,"column":6},"end":{"line":149,"column":null}},"68":{"start":{"line":152,"column":6},"end":{"line":152,"column":null}},"69":{"start":{"line":159,"column":2},"end":{"line":180,"column":null}},"70":{"start":{"line":161,"column":22},"end":{"line":177,"column":null}},"71":{"start":{"line":162,"column":6},"end":{"line":176,"column":null}},"72":{"start":{"line":163,"column":25},"end":{"line":163,"column":null}},"73":{"start":{"line":165,"column":29},"end":{"line":165,"column":null}},"74":{"start":{"line":166,"column":8},"end":{"line":166,"column":null}},"75":{"start":{"line":168,"column":8},"end":{"line":173,"column":null}},"76":{"start":{"line":170,"column":30},"end":{"line":170,"column":null}},"77":{"start":{"line":172,"column":10},"end":{"line":172,"column":null}},"78":{"start":{"line":175,"column":8},"end":{"line":175,"column":null}},"79":{"start":{"line":179,"column":4},"end":{"line":179,"column":null}},"80":{"start":{"line":183,"column":30},"end":{"line":193,"column":null}},"81":{"start":{"line":184,"column":4},"end":{"line":192,"column":null}},"82":{"start":{"line":196,"column":25},"end":{"line":205,"column":null}},"83":{"start":{"line":198,"column":22},"end":{"line":198,"column":null}},"84":{"start":{"line":200,"column":21},"end":{"line":200,"column":null}},"85":{"start":{"line":200,"column":42},"end":{"line":200,"column":null}},"86":{"start":{"line":204,"column":4},"end":{"line":204,"column":null}},"87":{"start":{"line":208,"column":2},"end":{"line":288,"column":null}},"88":{"start":{"line":214,"column":12},"end":{"line":217,"column":null}},"89":{"start":{"line":224,"column":12},"end":{"line":227,"column":null}},"90":{"start":{"line":233,"column":12},"end":{"line":236,"column":null}},"91":{"start":{"line":242,"column":10},"end":{"line":245,"column":null}},"92":{"start":{"line":254,"column":12},"end":{"line":257,"column":null}},"93":{"start":{"line":265,"column":12},"end":{"line":268,"column":null}},"94":{"start":{"line":287,"column":12},"end":{"line":288,"column":null}},"95":{"start":{"line":287,"column":43},"end":{"line":287,"column":null}},"96":{"start":{"line":298,"column":15},"end":{"line":298,"column":null}}},"fnMap":{"0":{"name":"FormApp","decl":{"start":{"line":13,"column":9},"end":{"line":13,"column":null}},"loc":{"start":{"line":13,"column":9},"end":{"line":296,"column":null}}},"1":{"name":"(anonymous_6)","decl":{"start":{"line":29,"column":20},"end":{"line":29,"column":null}},"loc":{"start":{"line":29,"column":20},"end":{"line":41,"column":null}}},"2":{"name":"validateIDSpain","decl":{"start":{"line":53,"column":11},"end":{"line":53,"column":28}},"loc":{"start":{"line":53,"column":39},"end":{"line":68,"column":null}}},"3":{"name":"validateIDArgentina","decl":{"start":{"line":69,"column":11},"end":{"line":69,"column":31}},"loc":{"start":{"line":69,"column":33},"end":{"line":74,"column":null}}},"4":{"name":"validateID","decl":{"start":{"line":77,"column":11},"end":{"line":77,"column":23}},"loc":{"start":{"line":77,"column":34},"end":{"line":91,"column":null}}},"5":{"name":"validateUsernameLength","decl":{"start":{"line":93,"column":11},"end":{"line":93,"column":35}},"loc":{"start":{"line":93,"column":43},"end":{"line":95,"column":null}}},"6":{"name":"validateUsername","decl":{"start":{"line":97,"column":11},"end":{"line":97,"column":29}},"loc":{"start":{"line":97,"column":37},"end":{"line":107,"column":null}}},"7":{"name":"(anonymous_12)","decl":{"start":{"line":109,"column":12},"end":{"line":109,"column":null}},"loc":{"start":{"line":109,"column":12},"end":{"line":114,"column":5}}},"8":{"name":"(anonymous_13)","decl":{"start":{"line":111,"column":11},"end":{"line":111,"column":null}},"loc":{"start":{"line":111,"column":11},"end":{"line":113,"column":null}}},"9":{"name":"(anonymous_14)","decl":{"start":{"line":116,"column":12},"end":{"line":116,"column":null}},"loc":{"start":{"line":116,"column":12},"end":{"line":121,"column":5}}},"10":{"name":"(anonymous_15)","decl":{"start":{"line":118,"column":11},"end":{"line":118,"column":null}},"loc":{"start":{"line":118,"column":11},"end":{"line":120,"column":null}}},"11":{"name":"(anonymous_16)","decl":{"start":{"line":123,"column":25},"end":{"line":123,"column":null}},"loc":{"start":{"line":123,"column":25},"end":{"line":126,"column":null}}},"12":{"name":"handleSubmit","decl":{"start":{"line":127,"column":11},"end":{"line":127,"column":24}},"loc":{"start":{"line":127,"column":25},"end":{"line":154,"column":null}}},"13":{"name":"(anonymous_18)","decl":{"start":{"line":131,"column":56},"end":{"line":131,"column":65}},"loc":{"start":{"line":131,"column":65},"end":{"line":131,"column":null}}},"14":{"name":"(anonymous_19)","decl":{"start":{"line":159,"column":12},"end":{"line":159,"column":null}},"loc":{"start":{"line":159,"column":12},"end":{"line":180,"column":5}}},"15":{"name":"(anonymous_20)","decl":{"start":{"line":161,"column":22},"end":{"line":161,"column":null}},"loc":{"start":{"line":161,"column":22},"end":{"line":177,"column":null}}},"16":{"name":"(anonymous_21)","decl":{"start":{"line":183,"column":30},"end":{"line":183,"column":31}},"loc":{"start":{"line":183,"column":31},"end":{"line":193,"column":null}}},"17":{"name":"(anonymous_22)","decl":{"start":{"line":196,"column":25},"end":{"line":196,"column":26}},"loc":{"start":{"line":196,"column":40},"end":{"line":205,"column":null}}},"18":{"name":"(anonymous_23)","decl":{"start":{"line":200,"column":36},"end":{"line":200,"column":42}},"loc":{"start":{"line":200,"column":42},"end":{"line":200,"column":null}}},"19":{"name":"(anonymous_24)","decl":{"start":{"line":213,"column":20},"end":{"line":213,"column":21}},"loc":{"start":{"line":214,"column":12},"end":{"line":217,"column":null}}},"20":{"name":"(anonymous_25)","decl":{"start":{"line":223,"column":20},"end":{"line":223,"column":21}},"loc":{"start":{"line":224,"column":12},"end":{"line":227,"column":null}}},"21":{"name":"(anonymous_26)","decl":{"start":{"line":232,"column":20},"end":{"line":232,"column":21}},"loc":{"start":{"line":233,"column":12},"end":{"line":236,"column":null}}},"22":{"name":"(anonymous_27)","decl":{"start":{"line":241,"column":18},"end":{"line":241,"column":19}},"loc":{"start":{"line":242,"column":10},"end":{"line":245,"column":null}}},"23":{"name":"(anonymous_28)","decl":{"start":{"line":253,"column":20},"end":{"line":253,"column":21}},"loc":{"start":{"line":254,"column":12},"end":{"line":257,"column":null}}},"24":{"name":"(anonymous_29)","decl":{"start":{"line":264,"column":20},"end":{"line":264,"column":21}},"loc":{"start":{"line":265,"column":12},"end":{"line":268,"column":null}}},"25":{"name":"(anonymous_30)","decl":{"start":{"line":286,"column":25},"end":{"line":286,"column":26}},"loc":{"start":{"line":287,"column":12},"end":{"line":288,"column":null}}},"26":{"name":"(anonymous_31)","decl":{"start":{"line":287,"column":37},"end":{"line":287,"column":43}},"loc":{"start":{"line":287,"column":43},"end":{"line":287,"column":null}}}},"branchMap":{"0":{"loc":{"start":{"line":59,"column":4},"end":{"line":67,"column":null}},"type":"if","locations":[{"start":{"line":59,"column":4},"end":{"line":67,"column":null}}]},"1":{"loc":{"start":{"line":60,"column":6},"end":{"line":62,"column":null}},"type":"if","locations":[{"start":{"line":60,"column":6},"end":{"line":62,"column":null}}]},"2":{"loc":{"start":{"line":63,"column":6},"end":{"line":65,"column":null}},"type":"if","locations":[{"start":{"line":63,"column":6},"end":{"line":65,"column":null}}]},"3":{"loc":{"start":{"line":78,"column":4},"end":{"line":90,"column":null}},"type":"if","locations":[{"start":{"line":78,"column":4},"end":{"line":90,"column":null}},{"start":{"line":84,"column":11},"end":{"line":90,"column":null}}]},"4":{"loc":{"start":{"line":79,"column":6},"end":{"line":83,"column":null}},"type":"if","locations":[{"start":{"line":79,"column":6},"end":{"line":83,"column":null}},{"start":{"line":81,"column":13},"end":{"line":83,"column":null}}]},"5":{"loc":{"start":{"line":84,"column":11},"end":{"line":90,"column":null}},"type":"if","locations":[{"start":{"line":84,"column":11},"end":{"line":90,"column":null}}]},"6":{"loc":{"start":{"line":85,"column":6},"end":{"line":89,"column":null}},"type":"if","locations":[{"start":{"line":85,"column":6},"end":{"line":89,"column":null}},{"start":{"line":87,"column":13},"end":{"line":89,"column":null}}]},"7":{"loc":{"start":{"line":99,"column":6},"end":{"line":99,"column":null}},"type":"binary-expr","locations":[{"start":{"line":99,"column":6},"end":{"line":99,"column":42}},{"start":{"line":99,"column":42},"end":{"line":99,"column":null}}]},"8":{"loc":{"start":{"line":100,"column":4},"end":{"line":106,"column":null}},"type":"if","locations":[{"start":{"line":100,"column":4},"end":{"line":106,"column":null}},{"start":{"line":102,"column":11},"end":{"line":106,"column":null}}]},"9":{"loc":{"start":{"line":102,"column":11},"end":{"line":106,"column":null}},"type":"if","locations":[{"start":{"line":102,"column":11},"end":{"line":106,"column":null}},{"start":{"line":104,"column":11},"end":{"line":106,"column":null}}]},"10":{"loc":{"start":{"line":134,"column":21},"end":{"line":134,"column":null}},"type":"binary-expr","locations":[{"start":{"line":134,"column":21},"end":{"line":134,"column":45}},{"start":{"line":134,"column":45},"end":{"line":134,"column":null}}]},"11":{"loc":{"start":{"line":136,"column":4},"end":{"line":153,"column":null}},"type":"if","locations":[{"start":{"line":136,"column":4},"end":{"line":153,"column":null}},{"start":{"line":150,"column":11},"end":{"line":153,"column":null}}]},"12":{"loc":{"start":{"line":136,"column":8},"end":{"line":136,"column":35}},"type":"binary-expr","locations":[{"start":{"line":136,"column":8},"end":{"line":136,"column":25}},{"start":{"line":136,"column":25},"end":{"line":136,"column":35}}]},"13":{"loc":{"start":{"line":168,"column":8},"end":{"line":173,"column":null}},"type":"if","locations":[{"start":{"line":168,"column":8},"end":{"line":173,"column":null}}]}},"s":{"0":12,"1":1,"2":1,"3":1,"4":1,"5":1,"6":1,"7":1,"8":1,"9":1,"10":1,"11":1,"12":157,"13":157,"14":156,"15":156,"16":156,"17":156,"18":156,"19":156,"20":1,"21":1,"22":156,"23":0,"24":0,"25":0,"26":0,"27":0,"28":0,"29":0,"30":0,"31":0,"32":0,"33":0,"34":0,"35":34,"36":0,"37":0,"38":0,"39":34,"40":0,"41":0,"42":0,"43":43,"44":43,"45":43,"46":0,"47":43,"48":4,"49":39,"50":156,"51":43,"52":43,"53":43,"54":156,"55":34,"56":34,"57":34,"58":156,"59":22,"60":22,"61":1,"62":1,"63":4,"64":1,"65":1,"66":0,"67":0,"68":1,"69":156,"70":12,"71":12,"72":12,"73":12,"74":12,"75":12,"76":12,"77":12,"78":0,"79":12,"80":156,"81":0,"82":156,"83":12,"84":12,"85":0,"86":12,"87":156,"88":21,"89":10,"90":6,"91":0,"92":7,"93":13,"94":0,"95":0,"96":1},"f":{"0":157,"1":1,"2":0,"3":0,"4":34,"5":43,"6":43,"7":43,"8":43,"9":34,"10":34,"11":22,"12":1,"13":4,"14":12,"15":12,"16":0,"17":12,"18":0,"19":21,"20":10,"21":6,"22":0,"23":7,"24":13,"25":0,"26":0},"b":{"0":[0],"1":[0],"2":[0],"3":[0,34],"4":[0,0],"5":[0],"6":[0,0],"7":[43,37],"8":[0,43],"9":[4,39],"10":[1,1],"11":[0,1],"12":[1,0],"13":[12]}}
,"C:\\Users\\judit.perea\\OneDrive - Travelport\\Documents\\GitHub\\form-testing2\\forms-mockoon\\src\\components\\IDInput.jsx": {"path":"C:\\Users\\judit.perea\\OneDrive - Travelport\\Documents\\GitHub\\form-testing2\\forms-mockoon\\src\\components\\IDInput.jsx","statementMap":{"0":{"start":{"line":18,"column":0},"end":{"line":18,"column":15}},"1":{"start":{"line":1,"column":18},"end":{"line":1,"column":null}},"2":{"start":{"line":4,"column":2},"end":{"line":13,"column":null}},"3":{"start":{"line":18,"column":15},"end":{"line":18,"column":null}}},"fnMap":{"0":{"name":"IDInput","decl":{"start":{"line":3,"column":9},"end":{"line":3,"column":17}},"loc":{"start":{"line":3,"column":45},"end":{"line":16,"column":null}}}},"branchMap":{"0":{"loc":{"start":{"line":9,"column":15},"end":{"line":9,"column":null}},"type":"cond-expr","locations":[{"start":{"line":9,"column":23},"end":{"line":9,"column":45}},{"start":{"line":9,"column":45},"end":{"line":9,"column":null}}]}},"s":{"0":156,"1":1,"2":104,"3":1},"f":{"0":104},"b":{"0":[22,82]}}
,"C:\\Users\\judit.perea\\OneDrive - Travelport\\Documents\\GitHub\\form-testing2\\forms-mockoon\\src\\components\\NameInput.jsx": {"path":"C:\\Users\\judit.perea\\OneDrive - Travelport\\Documents\\GitHub\\form-testing2\\forms-mockoon\\src\\components\\NameInput.jsx","statementMap":{"0":{"start":{"line":17,"column":0},"end":{"line":17,"column":15}},"1":{"start":{"line":1,"column":18},"end":{"line":1,"column":null}},"2":{"start":{"line":17,"column":15},"end":{"line":17,"column":null}}},"fnMap":{"0":{"name":"NameInput","decl":{"start":{"line":3,"column":9},"end":{"line":3,"column":19}},"loc":{"start":{"line":3,"column":38},"end":{"line":15,"column":null}}}},"branchMap":{"0":{"loc":{"start":{"line":9,"column":15},"end":{"line":9,"column":null}},"type":"cond-expr","locations":[{"start":{"line":9,"column":23},"end":{"line":9,"column":45}},{"start":{"line":9,"column":45},"end":{"line":9,"column":null}}]}},"s":{"0":156,"1":1,"2":1},"f":{"0":104},"b":{"0":[42,62]}}
,"C:\\Users\\judit.perea\\OneDrive - Travelport\\Documents\\GitHub\\form-testing2\\forms-mockoon\\src\\components\\StreetInput.jsx": {"path":"C:\\Users\\judit.perea\\OneDrive - Travelport\\Documents\\GitHub\\form-testing2\\forms-mockoon\\src\\components\\StreetInput.jsx","statementMap":{"0":{"start":{"line":17,"column":0},"end":{"line":17,"column":15}},"1":{"start":{"line":1,"column":18},"end":{"line":1,"column":null}},"2":{"start":{"line":17,"column":15},"end":{"line":17,"column":null}}},"fnMap":{"0":{"name":"StreetInput","decl":{"start":{"line":3,"column":9},"end":{"line":3,"column":21}},"loc":{"start":{"line":3,"column":40},"end":{"line":15,"column":null}}}},"branchMap":{"0":{"loc":{"start":{"line":9,"column":15},"end":{"line":9,"column":null}},"type":"cond-expr","locations":[{"start":{"line":9,"column":23},"end":{"line":9,"column":45}},{"start":{"line":9,"column":45},"end":{"line":9,"column":null}}]}},"s":{"0":156,"1":1,"2":1},"f":{"0":104},"b":{"0":[18,86]}}
,"C:\\Users\\judit.perea\\OneDrive - Travelport\\Documents\\GitHub\\form-testing2\\forms-mockoon\\src\\components\\SubmitButton.jsx": {"path":"C:\\Users\\judit.perea\\OneDrive - Travelport\\Documents\\GitHub\\form-testing2\\forms-mockoon\\src\\components\\SubmitButton.jsx","statementMap":{"0":{"start":{"line":16,"column":0},"end":{"line":16,"column":15}},"1":{"start":{"line":1,"column":18},"end":{"line":1,"column":null}},"2":{"start":{"line":4,"column":2},"end":{"line":10,"column":null}},"3":{"start":{"line":16,"column":15},"end":{"line":16,"column":null}}},"fnMap":{"0":{"name":"SubmitButton","decl":{"start":{"line":3,"column":9},"end":{"line":3,"column":22}},"loc":{"start":{"line":3,"column":33},"end":{"line":14,"column":null}}}},"branchMap":{},"s":{"0":156,"1":1,"2":104,"3":1},"f":{"0":104},"b":{}}
,"C:\\Users\\judit.perea\\OneDrive - Travelport\\Documents\\GitHub\\form-testing2\\forms-mockoon\\src\\components\\SurnameInput.jsx": {"path":"C:\\Users\\judit.perea\\OneDrive - Travelport\\Documents\\GitHub\\form-testing2\\forms-mockoon\\src\\components\\SurnameInput.jsx","statementMap":{"0":{"start":{"line":17,"column":0},"end":{"line":17,"column":15}},"1":{"start":{"line":1,"column":18},"end":{"line":1,"column":null}},"2":{"start":{"line":17,"column":15},"end":{"line":17,"column":null}}},"fnMap":{"0":{"name":"SurnameInput","decl":{"start":{"line":3,"column":9},"end":{"line":3,"column":22}},"loc":{"start":{"line":3,"column":41},"end":{"line":15,"column":null}}}},"branchMap":{"0":{"loc":{"start":{"line":9,"column":15},"end":{"line":9,"column":null}},"type":"binary-expr","locations":[{"start":{"line":9,"column":15},"end":{"line":9,"column":38}},{"start":{"line":9,"column":38},"end":{"line":9,"column":null}}]}},"s":{"0":156,"1":1,"2":1},"f":{"0":104},"b":{"0":[104,73]}}
,"C:\\Users\\judit.perea\\OneDrive - Travelport\\Documents\\GitHub\\form-testing2\\forms-mockoon\\src\\components\\UsernameInput.jsx": {"path":"C:\\Users\\judit.perea\\OneDrive - Travelport\\Documents\\GitHub\\form-testing2\\forms-mockoon\\src\\components\\UsernameInput.jsx","statementMap":{"0":{"start":{"line":19,"column":0},"end":{"line":19,"column":15}},"1":{"start":{"line":1,"column":18},"end":{"line":1,"column":null}},"2":{"start":{"line":19,"column":15},"end":{"line":19,"column":null}}},"fnMap":{"0":{"name":"UsernameInput","decl":{"start":{"line":2,"column":9},"end":{"line":2,"column":23}},"loc":{"start":{"line":2,"column":57},"end":{"line":17,"column":null}}}},"branchMap":{"0":{"loc":{"start":{"line":7,"column":9},"end":{"line":7,"column":null}},"type":"binary-expr","locations":[{"start":{"line":7,"column":9},"end":{"line":7,"column":26}},{"start":{"line":7,"column":26},"end":{"line":7,"column":null}}]}},"s":{"0":156,"1":1,"2":1},"f":{"0":104},"b":{"0":[104,7]}}
}
