TN:
SF:src\components\CityInput.jsx
FN:3,CityInput
FNF:1
FNH:1
FNDA:134,CityInput
DA:1,1
DA:17,206
LF:2
LH:2
BRDA:9,0,0,54
BRDA:9,0,1,80
BRF:2
BRH:2
end_of_record
TN:
SF:src\components\ClearButton.jsx
FN:2,ClearButton
FNF:1
FNH:1
FNDA:134,ClearButton
DA:1,1
DA:3,134
DA:15,206
LF:3
LH:3
BRF:0
BRH:0
end_of_record
TN:
SF:src\components\CountrySelect.jsx
FN:3,CountrySelect
FN:9,(anonymous_3)
FNF:2
FNH:1
FNDA:134,CountrySelect
FNDA:0,(anonymous_3)
DA:1,1
DA:4,134
DA:9,0
DA:28,206
LF:4
LH:3
BRF:0
BRH:0
end_of_record
TN:
SF:src\components\FormApp.jsx
FN:13,FormApp
FN:29,(anonymous_6)
FN:53,validateIDSpain
FN:69,validateIDArgentina
FN:77,validateID
FN:93,validateUsernameLength
FN:97,validateUsername
FN:109,(anonymous_12)
FN:111,(anonymous_13)
FN:116,(anonymous_14)
FN:118,(anonymous_15)
FN:123,(anonymous_16)
FN:127,handleSubmit
FN:131,(anonymous_18)
FN:158,(anonymous_19)
FN:160,(anonymous_20)
FN:176,(anonymous_21)
FN:189,(anonymous_22)
FN:190,(anonymous_23)
FN:199,(anonymous_24)
FN:209,(anonymous_25)
FN:218,(anonymous_26)
FN:227,(anonymous_27)
FN:239,(anonymous_28)
FN:250,(anonymous_29)
FN:273,(anonymous_30)
FN:274,(anonymous_31)
FNF:27
FNH:19
FNDA:206,FormApp
FNDA:1,(anonymous_6)
FNDA:0,validateIDSpain
FNDA:0,validateIDArgentina
FNDA:42,validateID
FNDA:52,validateUsernameLength
FNDA:52,validateUsername
FNDA:52,(anonymous_12)
FNDA:52,(anonymous_13)
FNDA:42,(anonymous_14)
FNDA:42,(anonymous_15)
FNDA:31,(anonymous_16)
FNDA:2,handleSubmit
FNDA:8,(anonymous_18)
FNDA:11,(anonymous_19)
FNDA:11,(anonymous_20)
FNDA:0,(anonymous_21)
FNDA:0,(anonymous_22)
FNDA:0,(anonymous_23)
FNDA:25,(anonymous_24)
FNDA:16,(anonymous_25)
FNDA:9,(anonymous_26)
FNDA:0,(anonymous_27)
FNDA:14,(anonymous_28)
FNDA:26,(anonymous_29)
FNDA:0,(anonymous_30)
FNDA:0,(anonymous_31)
DA:1,1
DA:2,1
DA:3,1
DA:4,1
DA:5,1
DA:6,1
DA:7,1
DA:8,1
DA:9,1
DA:10,1
DA:11,1
DA:14,206
DA:15,206
DA:16,206
DA:17,206
DA:18,206
DA:19,206
DA:20,206
DA:29,206
DA:30,1
DA:40,1
DA:42,206
DA:54,0
DA:55,0
DA:56,0
DA:57,0
DA:59,0
DA:60,0
DA:61,0
DA:63,0
DA:64,0
DA:66,0
DA:70,0
DA:72,0
DA:78,42
DA:79,0
DA:80,0
DA:82,0
DA:84,42
DA:85,0
DA:86,0
DA:88,0
DA:94,52
DA:99,52
DA:100,52
DA:101,0
DA:102,52
DA:103,4
DA:105,48
DA:109,206
DA:110,52
DA:111,52
DA:112,52
DA:116,206
DA:117,42
DA:118,42
DA:119,42
DA:123,206
DA:124,31
DA:125,31
DA:128,2
DA:131,8
DA:134,2
DA:136,2
DA:138,0
DA:149,0
DA:152,2
DA:158,206
DA:160,11
DA:161,11
DA:162,11
DA:163,0
DA:165,0
DA:166,0
DA:168,11
DA:172,11
DA:176,206
DA:177,0
DA:189,206
DA:190,0
DA:191,0
DA:194,206
DA:200,25
DA:210,16
DA:219,9
DA:228,0
DA:240,14
DA:251,26
DA:274,0
DA:284,11
LF:90
LH:61
BRDA:59,0,0,0
BRDA:60,1,0,0
BRDA:63,2,0,0
BRDA:78,3,0,0
BRDA:78,3,1,42
BRDA:79,4,0,0
BRDA:79,4,1,0
BRDA:84,5,0,0
BRDA:85,6,0,0
BRDA:85,6,1,0
BRDA:99,7,0,52
BRDA:99,7,1,40
BRDA:100,8,0,0
BRDA:100,8,1,52
BRDA:102,9,0,4
BRDA:102,9,1,48
BRDA:134,10,0,2
BRDA:134,10,1,2
BRDA:136,11,0,0
BRDA:136,11,1,2
BRDA:136,12,0,2
BRDA:136,12,1,0
BRF:22
BRH:10
end_of_record
TN:
SF:src\components\IDInput.jsx
FN:3,IDInput
FNF:1
FNH:1
FNDA:134,IDInput
DA:1,1
DA:4,134
DA:18,206
LF:3
LH:3
BRDA:9,0,0,31
BRDA:9,0,1,103
BRF:2
BRH:2
end_of_record
TN:
SF:src\components\NameInput.jsx
FN:3,NameInput
FNF:1
FNH:1
FNDA:134,NameInput
DA:1,1
DA:17,206
LF:2
LH:2
BRDA:9,0,0,80
BRDA:9,0,1,54
BRF:2
BRH:2
end_of_record
TN:
SF:src\components\StreetInput.jsx
FN:3,StreetInput
FNF:1
FNH:1
FNDA:134,StreetInput
DA:1,1
DA:17,206
LF:2
LH:2
BRDA:9,0,0,40
BRDA:9,0,1,94
BRF:2
BRH:2
end_of_record
TN:
SF:src\components\SubmitButton.jsx
FN:3,SubmitButton
FNF:1
FNH:1
FNDA:134,SubmitButton
DA:1,1
DA:4,134
DA:16,206
LF:3
LH:3
BRF:0
BRH:0
end_of_record
TN:
SF:src\components\SurnameInput.jsx
FN:3,SurnameInput
FNF:1
FNH:1
FNDA:134,SurnameInput
DA:1,1
DA:17,206
LF:2
LH:2
BRDA:9,0,0,134
BRDA:9,0,1,71
BRF:2
BRH:2
end_of_record
TN:
SF:src\components\UsernameInput.jsx
FN:2,UsernameInput
FNF:1
FNH:1
FNDA:134,UsernameInput
DA:1,1
DA:19,206
LF:2
LH:2
BRDA:7,0,0,134
BRDA:7,0,1,7
BRF:2
BRH:2
end_of_record
