TN:
SF:src\components\CityInput.jsx
FN:3,CityInput
FNF:1
FNH:1
FNDA:91,CityInput
DA:1,1
DA:17,144
LF:2
LH:2
BRDA:9,0,0,25
BRDA:9,0,1,66
BRF:2
BRH:2
end_of_record
TN:
SF:src\components\ClearButton.jsx
FN:2,ClearButton
FNF:1
FNH:1
FNDA:91,ClearButton
DA:1,1
DA:3,91
DA:15,144
LF:3
LH:3
BRF:0
BRH:0
end_of_record
TN:
SF:src\components\CountrySelect.jsx
FN:3,CountrySelect
FN:9,(anonymous_3)
FNF:2
FNH:1
FNDA:91,CountrySelect
FNDA:0,(anonymous_3)
DA:1,1
DA:4,91
DA:9,0
DA:28,144
LF:4
LH:3
BRF:0
BRH:0
end_of_record
TN:
SF:src\components\FormApp.jsx
FN:13,FormApp
FN:29,(anonymous_6)
FN:53,validateIDSpain
FN:69,validateIDArgentina
FN:77,validateID
FN:93,validateUsernameLength
FN:97,validateUsername
FN:109,(anonymous_12)
FN:111,(anonymous_13)
FN:116,(anonymous_14)
FN:118,(anonymous_15)
FN:123,(anonymous_16)
FN:127,handleSubmit
FN:131,(anonymous_18)
FN:159,(anonymous_19)
FN:161,(anonymous_20)
FN:184,(anonymous_21)
FN:197,(anonymous_22)
FN:201,(anonymous_23)
FN:214,(anonymous_24)
FN:224,(anonymous_25)
FN:233,(anonymous_26)
FN:242,(anonymous_27)
FN:254,(anonymous_28)
FN:265,(anonymous_29)
FN:288,(anonymous_30)
FN:289,(anonymous_31)
FNF:27
FNH:20
FNDA:144,FormApp
FNDA:1,(anonymous_6)
FNDA:0,validateIDSpain
FNDA:0,validateIDArgentina
FNDA:32,validateID
FNDA:41,validateUsernameLength
FNDA:41,validateUsername
FNDA:41,(anonymous_12)
FNDA:41,(anonymous_13)
FNDA:32,(anonymous_14)
FNDA:32,(anonymous_15)
FNDA:22,(anonymous_16)
FNDA:1,handleSubmit
FNDA:4,(anonymous_18)
FNDA:10,(anonymous_19)
FNDA:10,(anonymous_20)
FNDA:0,(anonymous_21)
FNDA:10,(anonymous_22)
FNDA:0,(anonymous_23)
FNDA:21,(anonymous_24)
FNDA:10,(anonymous_25)
FNDA:6,(anonymous_26)
FNDA:0,(anonymous_27)
FNDA:7,(anonymous_28)
FNDA:13,(anonymous_29)
FNDA:0,(anonymous_30)
FNDA:0,(anonymous_31)
DA:1,1
DA:2,1
DA:3,1
DA:4,1
DA:5,1
DA:6,1
DA:7,1
DA:8,1
DA:9,1
DA:10,1
DA:11,1
DA:14,144
DA:15,144
DA:16,144
DA:17,144
DA:18,144
DA:19,144
DA:20,144
DA:29,144
DA:30,1
DA:40,1
DA:42,144
DA:54,0
DA:55,0
DA:56,0
DA:57,0
DA:59,0
DA:60,0
DA:61,0
DA:63,0
DA:64,0
DA:66,0
DA:70,0
DA:72,0
DA:78,32
DA:79,0
DA:80,0
DA:82,0
DA:84,32
DA:85,0
DA:86,0
DA:88,0
DA:94,41
DA:99,41
DA:100,41
DA:101,0
DA:102,41
DA:103,4
DA:105,37
DA:109,144
DA:110,41
DA:111,41
DA:112,41
DA:116,144
DA:117,32
DA:118,32
DA:119,32
DA:123,144
DA:124,22
DA:125,22
DA:128,1
DA:131,4
DA:134,1
DA:136,1
DA:138,0
DA:149,0
DA:152,1
DA:159,144
DA:161,10
DA:162,10
DA:163,10
DA:164,10
DA:166,10
DA:167,10
DA:169,10
DA:171,10
DA:173,0
DA:176,10
DA:180,10
DA:184,144
DA:185,0
DA:197,144
DA:199,10
DA:201,0
DA:205,0
DA:209,144
DA:215,21
DA:225,10
DA:234,6
DA:243,0
DA:255,7
DA:266,13
DA:289,0
DA:299,10
LF:94
LH:67
BRDA:59,0,0,0
BRDA:60,1,0,0
BRDA:63,2,0,0
BRDA:78,3,0,0
BRDA:78,3,1,32
BRDA:79,4,0,0
BRDA:79,4,1,0
BRDA:84,5,0,0
BRDA:85,6,0,0
BRDA:85,6,1,0
BRDA:99,7,0,41
BRDA:99,7,1,35
BRDA:100,8,0,0
BRDA:100,8,1,41
BRDA:102,9,0,4
BRDA:102,9,1,37
BRDA:134,10,0,1
BRDA:134,10,1,1
BRDA:136,11,0,0
BRDA:136,11,1,1
BRDA:136,12,0,1
BRDA:136,12,1,0
BRDA:169,13,0,10
BRF:23
BRH:11
end_of_record
TN:
SF:src\components\IDInput.jsx
FN:3,IDInput
FNF:1
FNH:1
FNDA:91,IDInput
DA:1,1
DA:4,91
DA:18,144
LF:3
LH:3
BRDA:9,0,0,22
BRDA:9,0,1,69
BRF:2
BRH:2
end_of_record
TN:
SF:src\components\NameInput.jsx
FN:3,NameInput
FNF:1
FNH:1
FNDA:91,NameInput
DA:1,1
DA:17,144
LF:2
LH:2
BRDA:9,0,0,42
BRDA:9,0,1,49
BRF:2
BRH:2
end_of_record
TN:
SF:src\components\StreetInput.jsx
FN:3,StreetInput
FNF:1
FNH:1
FNDA:91,StreetInput
DA:1,1
DA:17,144
LF:2
LH:2
BRDA:9,0,0,18
BRDA:9,0,1,73
BRF:2
BRH:2
end_of_record
TN:
SF:src\components\SubmitButton.jsx
FN:3,SubmitButton
FNF:1
FNH:1
FNDA:91,SubmitButton
DA:1,1
DA:4,91
DA:16,144
LF:3
LH:3
BRF:0
BRH:0
end_of_record
TN:
SF:src\components\SurnameInput.jsx
FN:3,SurnameInput
FNF:1
FNH:1
FNDA:91,SurnameInput
DA:1,1
DA:17,144
LF:2
LH:2
BRDA:9,0,0,91
BRDA:9,0,1,60
BRF:2
BRH:2
end_of_record
TN:
SF:src\components\UsernameInput.jsx
FN:2,UsernameInput
FNF:1
FNH:1
FNDA:91,UsernameInput
DA:1,1
DA:19,144
LF:2
LH:2
BRDA:7,0,0,91
BRDA:7,0,1,7
BRF:2
BRH:2
end_of_record
